<?xml version="1.0" encoding="UTF-8"?>
<testng-results ignored="0" total="1" passed="1" failed="0" skipped="0">
  <reporter-output>
  </reporter-output>
  <suite started-at="2021-12-29T23:16:05 IST" name="Suite" finished-at="2021-12-29T23:16:16 IST" duration-ms="11793">
    <groups>
    </groups>
    <test started-at="2021-12-29T23:16:05 IST" name="Test" finished-at="2021-12-29T23:16:16 IST" duration-ms="11793">
      <class name="com.site.test.LoginPage">
        <test-method signature="loginCase()[pri:0, instance:com.site.test.LoginPage@4fb3ee4e]" started-at="2021-12-29T23:16:05 IST" name="loginCase" finished-at="2021-12-29T23:16:16 IST" duration-ms="11764" status="PASS">
          <reporter-output>
          </reporter-output>
        </test-method> <!-- loginCase -->
      </class> <!-- com.site.test.LoginPage -->
    </test> <!-- Test -->
  </suite> <!-- Suite -->
</testng-results>
